<?xml version="1.0" encoding="UTF-8"?>
<!-- Generated by org.testng.reporters.JUnitReportReporter -->
<testsuite skipped="0" hostname="LAPTOP-5M6A98T7" name="demo.Actions_Demo1" tests="1" failures="0" timestamp="28 Jul 2019 17:21:07 GMT" time="7.686" errors="0">
  <testcase name="test" time="7.686" classname="demo.Actions_Demo1"/>
</testsuite> <!-- demo.Actions_Demo1 -->
