<?xml version="1.0" encoding="UTF-8"?>
<!-- Generated by org.testng.reporters.JUnitReportReporter -->
<testsuite skipped="0" hostname="LAPTOP-5M6A98T7" name="demo.ScrollingOnFlipkart" tests="1" failures="0" timestamp="22 Jul 2019 05:32:36 GMT" time="10.562" errors="0">
  <testcase name="ScrollingFlipkartApplication" time="10.562" classname="demo.ScrollingOnFlipkart"/>
</testsuite> <!-- demo.ScrollingOnFlipkart -->
