<?xml version="1.0" encoding="UTF-8"?>
<!-- Generated by org.testng.reporters.JUnitReportReporter -->
<testsuite skipped="0" hostname="LAPTOP-5M6A98T7" name="advanceActivities.ManageBrowser" tests="2" failures="0" timestamp="30 Jul 2019 17:01:08 GMT" time="15.389" errors="0">
  <testcase name="test" time="8.451" classname="advanceActivities.ManageBrowser"/>
  <testcase name="test1" time="6.938" classname="advanceActivities.ManageBrowser"/>
</testsuite> <!-- advanceActivities.ManageBrowser -->
