<?xml version="1.0" encoding="UTF-8"?>
<!-- Generated by org.testng.reporters.JUnitReportReporter -->
<testsuite skipped="0" hostname="LAPTOP-5M6A98T7" name="ankroTraining.ActionsClass_DragAndDrop2" tests="1" failures="0" timestamp="31 Jul 2019 06:18:27 GMT" time="10.971" errors="0">
  <testcase name="test" time="10.971" classname="ankroTraining.ActionsClass_DragAndDrop2"/>
</testsuite> <!-- ankroTraining.ActionsClass_DragAndDrop2 -->
