<?xml version="1.0" encoding="UTF-8"?>
<!-- Generated by org.testng.reporters.JUnitReportReporter -->
<testsuite skipped="0" hostname="LAPTOP-5M6A98T7" name="ankroTraining.ActionsClass_Demo" tests="1" failures="0" timestamp="30 Jul 2019 17:23:49 GMT" time="13.297" errors="0">
  <testcase name="test" time="13.297" classname="ankroTraining.ActionsClass_Demo"/>
</testsuite> <!-- ankroTraining.ActionsClass_Demo -->
