<?xml version="1.0" encoding="UTF-8"?>
<!-- Generated by org.testng.reporters.JUnitReportReporter -->
<testsuite skipped="0" hostname="LAPTOP-5M6A98T7" name="ankroTraining.ActionsClass_DoubleClick" tests="1" failures="0" timestamp="30 Jul 2019 17:55:10 GMT" time="12.891" errors="0">
  <testcase name="test" time="12.891" classname="ankroTraining.ActionsClass_DoubleClick"/>
</testsuite> <!-- ankroTraining.ActionsClass_DoubleClick -->
