<?xml version="1.0" encoding="UTF-8"?>
<!-- Generated by org.testng.reporters.JUnitReportReporter -->
<testsuite skipped="0" hostname="LAPTOP-5M6A98T7" name="ankroTraining.ActionsClass_DragAndDrop" tests="1" failures="0" timestamp="31 Jul 2019 06:09:54 GMT" time="7.927" errors="0">
  <testcase name="test" time="7.927" classname="ankroTraining.ActionsClass_DragAndDrop"/>
</testsuite> <!-- ankroTraining.ActionsClass_DragAndDrop -->
