<?xml version="1.0" encoding="UTF-8"?>
<!-- Generated by org.testng.reporters.JUnitReportReporter -->
<testsuite skipped="0" hostname="LAPTOP-5M6A98T7" name="demo.SwitchingTabs" tests="1" failures="0" timestamp="17 Jul 2019 12:56:00 GMT" time="12.426" errors="0">
  <testcase name="verifySwitching" time="12.426" classname="demo.SwitchingTabs"/>
</testsuite> <!-- demo.SwitchingTabs -->
