<?xml version="1.0" encoding="UTF-8"?>
<!-- Generated by org.testng.reporters.JUnitReportReporter -->
<testsuite skipped="0" hostname="LAPTOP-5M6A98T7" name="ankroTraining.ActionsClass_MoveToElement" tests="1" failures="0" timestamp="30 Jul 2019 17:45:45 GMT" time="8.826" errors="0">
  <testcase name="test" time="8.826" classname="ankroTraining.ActionsClass_MoveToElement"/>
</testsuite> <!-- ankroTraining.ActionsClass_MoveToElement -->
