<?xml version="1.0" encoding="UTF-8"?>
<!-- Generated by org.testng.reporters.JUnitReportReporter -->
<testsuite skipped="0" hostname="LAPTOP-5M6A98T7" name="ankroTraining.ActionsClass_ClickingMultipleItems" tests="1" failures="0" timestamp="30 Jul 2019 18:45:13 GMT" time="8.416" errors="0">
  <testcase name="test" time="8.416" classname="ankroTraining.ActionsClass_ClickingMultipleItems"/>
</testsuite> <!-- ankroTraining.ActionsClass_ClickingMultipleItems -->
