<?xml version="1.0" encoding="UTF-8"?>
<!-- Generated by org.testng.reporters.JUnitReportReporter -->
<testsuite skipped="0" hostname="LAPTOP-5M6A98T7" name="ankroTraining.ScreenshotDemo" tests="1" failures="0" timestamp="31 Jul 2019 07:56:10 GMT" time="7.086" errors="0">
  <testcase name="test" time="7.086" classname="ankroTraining.ScreenshotDemo"/>
</testsuite> <!-- ankroTraining.ScreenshotDemo -->
