<?xml version="1.0" encoding="UTF-8"?>
<!-- Generated by org.testng.reporters.JUnitReportReporter -->
<testsuite skipped="0" hostname="LAPTOP-5M6A98T7" name="ankroTraining.ActionsClass_ClickinMultipleItems" tests="1" failures="0" timestamp="31 Jul 2019 17:25:37 GMT" time="27.514" errors="0">
  <testcase name="test" time="27.514" classname="ankroTraining.ActionsClass_ClickinMultipleItems"/>
</testsuite> <!-- ankroTraining.ActionsClass_ClickinMultipleItems -->
