<?xml version="1.0" encoding="UTF-8"?>
<!-- Generated by org.testng.reporters.JUnitReportReporter -->
<testsuite skipped="0" hostname="LAPTOP-5M6A98T7" name="ankroTraining.ActionsClass_ClickingMultipleItems2" tests="1" failures="0" timestamp="30 Jul 2019 18:58:54 GMT" time="15.960" errors="0">
  <testcase name="test" time="15.960" classname="ankroTraining.ActionsClass_ClickingMultipleItems2"/>
</testsuite> <!-- ankroTraining.ActionsClass_ClickingMultipleItems2 -->
