<?xml version="1.0" encoding="UTF-8"?>
<!-- Generated by org.testng.reporters.JUnitReportReporter -->
<testsuite hostname="LAPTOP-5M6A98T7" name="demo.Scrolling" tests="1" failures="0" timestamp="17 Jul 2019 10:34:14 GMT" time="11.422" errors="0">
  <testcase name="verifyContentThroughScrolling" time="11.422" classname="demo.Scrolling"/>
</testsuite> <!-- demo.Scrolling -->
